#
# There is insufficient memory for the Java Runtime Environment to continue.
# Native memory allocation (malloc) failed to allocate 1048576 bytes for AllocateHeap
# Possible reasons:
#   The system is out of physical RAM or swap space
#   In 32 bit mode, the process size limit was hit
# Possible solutions:
#   Reduce memory load on the system
#   Increase physical memory or swap space
#   Check if swap backing store is full
#   Use 64 bit Java on a 64 bit OS
#   Decrease Java heap size (-Xmx/-Xms)
#   Decrease number of Java threads
#   Decrease Java thread stack sizes (-Xss)
#   Set larger code cache with -XX:ReservedCodeCacheSize=
# This output file may be truncated or incomplete.
#
#  Out of Memory Error (memory/allocation.inline.hpp:61), pid=11124, tid=9756
#
# JRE version:  (8.0_60-b27) (build )
# Java VM: Java HotSpot(TM) 64-Bit Server VM (25.60-b23 mixed mode windows-amd64 compressed oops)
# Failed to write core dump. Minidumps are not enabled by default on client versions of Windows
#

---------------  T H R E A D  ---------------

Current thread (0x0000000002fa3800):  JavaThread "Unknown thread" [_thread_in_vm, id=9756, stack(0x0000000002e20000,0x0000000002f20000)]

Stack: [0x0000000002e20000,0x0000000002f20000]
[error occurred during error reporting (printing stack bounds), id 0xc0000005]

Native frames: (J=compiled Java code, j=interpreted, Vv=VM code, C=native code)


---------------  P R O C E S S  ---------------

Java Threads: ( => current thread )

Other Threads:

=>0x0000000002fa3800 (exited) JavaThread "Unknown thread" [_thread_in_vm, id=9756, stack(0x0000000002e20000,0x0000000002f20000)]

VM state:not at safepoint (normal execution)

VM Mutex/Monitor currently owned by a thread: None

Heap:
 PSYoungGen      total 38400K, used 665K [0x00000000d5f00000, 0x00000000d8980000, 0x0000000100000000)
  eden space 33280K, 2% used [0x00000000d5f00000,0x00000000d5fa6670,0x00000000d7f80000)
  from space 5120K, 0% used [0x00000000d8480000,0x00000000d8480000,0x00000000d8980000)
  to   space 5120K, 0% used [0x00000000d7f80000,0x00000000d7f80000,0x00000000d8480000)
 ParOldGen       total 87552K, used 0K [0x0000000081c00000, 0x0000000087180000, 0x00000000d5f00000)
  object space 87552K, 0% used [0x0000000081c00000,0x0000000081c00000,0x0000000087180000)
 Metaspace       used 767K, capacity 4480K, committed 4480K, reserved 1056768K
  class space    used 75K, capacity 384K, committed 384K, reserved 1048576K

Card table byte_map: [0x0000000012460000,0x0000000012860000] byte_map_base: 0x0000000012052000

Marking Bits: (ParMarkBitMap*) 0x000000007652a5b0
 Begin Bits: [0x0000000013310000, 0x00000000152a0000)
 End Bits:   [0x00000000152a0000, 0x0000000017230000)

Polling page: 0x0000000002d30000

CodeCache: size=245760Kb used=328Kb max_used=328Kb free=245431Kb
 bounds [0x00000000030a0000, 0x0000000003310000, 0x00000000120a0000]
 total_blobs=57 nmethods=0 adapters=37
 compilation: enabled

Compilation events (0 events):
No events

GC Heap History (0 events):
No events

Deoptimization events (0 events):
No events

Internal exceptions (0 events):
No events

Events (10 events):
Event: 0.031 loading class java/lang/Short
Event: 0.031 loading class java/lang/Short done
Event: 0.031 loading class java/lang/Integer
Event: 0.032 loading class java/lang/Integer done
Event: 0.032 loading class java/lang/Long
Event: 0.032 loading class java/lang/Long done
Event: 0.032 loading class java/lang/NullPointerException
Event: 0.032 loading class java/lang/NullPointerException done
Event: 0.032 loading class java/lang/ArithmeticException
Event: 0.032 loading class java/lang/ArithmeticException done


Dynamic libraries:
0x00007ff736110000 - 0x00007ff736147000 	C:\Program Files\Java\jdk1.8.0_60\bin\java.exe
0x00007ffebc960000 - 0x00007ffebcb31000 	C:\WINDOWS\SYSTEM32\ntdll.dll
0x00007ffebc770000 - 0x00007ffebc81b000 	C:\WINDOWS\System32\KERNEL32.DLL
0x00007ffeb9b80000 - 0x00007ffeb9d9d000 	C:\WINDOWS\System32\KERNELBASE.dll
0x00007ffebc2b0000 - 0x00007ffebc352000 	C:\WINDOWS\System32\ADVAPI32.dll
0x00007ffeba090000 - 0x00007ffeba12e000 	C:\WINDOWS\System32\msvcrt.dll
0x00007ffeb9ef0000 - 0x00007ffeb9f49000 	C:\WINDOWS\System32\sechost.dll
0x00007ffebc640000 - 0x00007ffebc761000 	C:\WINDOWS\System32\RPCRT4.dll
0x00007ffeba4a0000 - 0x00007ffeba605000 	C:\WINDOWS\System32\USER32.dll
0x00007ffeb9480000 - 0x00007ffeb949e000 	C:\WINDOWS\System32\win32u.dll
0x00007ffebc920000 - 0x00007ffebc954000 	C:\WINDOWS\System32\GDI32.dll
0x00007ffeb8e50000 - 0x00007ffeb8fd2000 	C:\WINDOWS\System32\gdi32full.dll
0x00007ffeb2c20000 - 0x00007ffeb2e99000 	C:\WINDOWS\WinSxS\amd64_microsoft.windows.common-controls_6595b64144ccf1df_6.0.14393.447_none_42191651c6827bb3\COMCTL32.dll
0x00007ffeba130000 - 0x00007ffeba3f8000 	C:\WINDOWS\System32\combase.dll
0x00007ffeb9260000 - 0x00007ffeb9355000 	C:\WINDOWS\System32\ucrtbase.dll
0x00007ffeb9360000 - 0x00007ffeb93ca000 	C:\WINDOWS\System32\bcryptPrimitives.dll
0x00007ffeba640000 - 0x00007ffeba66e000 	C:\WINDOWS\System32\IMM32.DLL
0x00000000765b0000 - 0x0000000076682000 	C:\Program Files\Java\jdk1.8.0_60\jre\bin\msvcr100.dll
0x0000000075d20000 - 0x00000000765a9000 	C:\Program Files\Java\jdk1.8.0_60\jre\bin\server\jvm.dll
0x00007ffebc360000 - 0x00007ffebc368000 	C:\WINDOWS\System32\PSAPI.DLL
0x00007ffeb1620000 - 0x00007ffeb1629000 	C:\WINDOWS\SYSTEM32\WSOCK32.dll
0x00007ffeb6dd0000 - 0x00007ffeb6df3000 	C:\WINDOWS\SYSTEM32\WINMM.dll
0x00007ffeb44a0000 - 0x00007ffeb44aa000 	C:\WINDOWS\SYSTEM32\VERSION.dll
0x00007ffeba6e0000 - 0x00007ffeba74a000 	C:\WINDOWS\System32\WS2_32.dll
0x00007ffeb6d70000 - 0x00007ffeb6d9b000 	C:\WINDOWS\SYSTEM32\WINMMBASE.dll
0x00007ffeb9430000 - 0x00007ffeb9472000 	C:\WINDOWS\System32\cfgmgr32.dll
0x0000000050010000 - 0x000000005001f000 	C:\Program Files\Java\jdk1.8.0_60\jre\bin\verify.dll
0x0000000075cf0000 - 0x0000000075d19000 	C:\Program Files\Java\jdk1.8.0_60\jre\bin\java.dll
0x0000000075cd0000 - 0x0000000075ce6000 	C:\Program Files\Java\jdk1.8.0_60\jre\bin\zip.dll

VM Arguments:
jvm_args: -Dretrolambda.bytecodeVersion=50 -Dretrolambda.classpath=C:\Users\mario\Documents\workspace\TestMarioRLopez\app\build\intermediates\exploded-aar\com.jakewharton.timber\timber\4.5.1\jars\classes.jar;C:\Users\mario\Documents\workspace\TestMarioRLopez\app\build\intermediates\exploded-aar\com.android.support\appcompat-v7\25.1.1\jars\classes.jar;C:\Users\mario\Documents\workspace\TestMarioRLopez\app\build\intermediates\exploded-aar\com.android.support\animated-vector-drawable\25.1.1\jars\classes.jar;C:\Users\mario\Documents\workspace\TestMarioRLopez\app\build\intermediates\exploded-aar\com.android.support\support-vector-drawable\25.1.1\jars\classes.jar;C:\Users\mario\Documents\workspace\TestMarioRLopez\app\build\intermediates\exploded-aar\com.bluelinelabs\conductor\2.1.1-SNAPSHOT\jars\classes.jar;C:\Users\mario\Documents\workspace\TestMarioRLopez\app\build\intermediates\exploded-aar\io.reactivex.rxjava2\rxandroid\2.0.1\jars\classes.jar;C:\Users\mario\Documents\workspace\TestMarioRLopez\app\build\intermediates\exploded-aar\com.android.databinding\adapters\1.2.1\jars\classes.jar;C:\Users\mario\Documents\workspace\TestMarioRLopez\app\build\intermediates\exploded-aar\com.android.databinding\library\1.2.1\jars\classes.jar;C:\Users\mario\Documents\workspace\TestMarioRLopez\app\build\intermediates\exploded-aar\com.android.support\support-v4\25.1.1\jars\classes.jar;C:\Users\mario\Documents\workspace\TestMarioRLopez\app\build\intermediates\exploded-aar\com.android.support\support-fragment\25.1.1\jars\classes.jar;C:\Users\mario\Documents\workspace\TestMarioRLopez\app\build\intermediates\exploded-aar\com.android.support\support-media-compat\25.1.1\jars\classes.jar;C:\Users\mario\Documents\workspace\TestMarioRLopez\app\build\intermediates\exploded-aar\com.android.support\support-core-ui\25.1.1\jars\classes.jar;C:\Users\mario\Documents\workspace\TestMarioRLopez\app\build\intermediates\exploded-aar\com.android.support\support-core-utils\25.1.1\jars\classes.jar;C:\Users\mario\Documents\workspace\TestMarioRLopez\app\b-Dretrolambda.classpathFile=C:\Users\mario\AppData\Local\Temp\inc-556856509228300560.path -Dretrolambda.inputDir=C:\Users\mario\Documents\workspace\TestMarioRLopez\app\build\intermediates\classes\debug -Dretrolambda.outputDir=C:\Users\mario\Documents\workspace\TestMarioRLopez\app\build\intermediates\transforms\retrolambda\debug\folders\1\1\retrolambda -Dfile.encoding=windows-1252 -Duser.country=GB -Duser.language=en -Duser.variant 
java_command: net.orfjackal.retrolambda.Main
java_class_path (initial): C:\Users\mario\.gradle\caches\modules-2\files-2.1\net.orfjackal.retrolambda\retrolambda\2.5.0\19599120322dabbbdeac46a2d63368444656c3ca\retrolambda-2.5.0.jar
Launcher Type: SUN_STANDARD

Environment Variables:
PATH=C:\ProgramData\Oracle\Java\javapath;C:\Windows\system32;C:\Windows;C:\Windows\System32\Wbem;C:\Windows\System32\WindowsPowerShell\v1.0\;C:\Program Files (x86)\NVIDIA Corporation\PhysX\Common;C:\Program Files\Git\cmd;C:\WINDOWS\system32;C:\WINDOWS;C:\WINDOWS\System32\Wbem;C:\WINDOWS\System32\WindowsPowerShell\v1.0\;C:\Program Files (x86)\Skype\Phone\;C:\gradle-2.12\bin\;C:\Program Files\nodejs\;C:\Users\mario\AppData\Roaming\npm;%USERPROFILE%\AppData\Local\Microsoft\WindowsApps;
USERNAME=mario
OS=Windows_NT
PROCESSOR_IDENTIFIER=Intel64 Family 6 Model 60 Stepping 3, GenuineIntel



---------------  S Y S T E M  ---------------

OS: Windows 10.0 , 64 bit Build 14393 (10.0.14393.0)

CPU:total 8 (4 cores per cpu, 2 threads per core) family 6 model 60 stepping 3, cmov, cx8, fxsr, mmx, sse, sse2, sse3, ssse3, sse4.1, sse4.2, popcnt, avx, avx2, aes, clmul, erms, lzcnt, ht, tsc, tscinvbit, bmi1, bmi2

Memory: 4k page, physical 8268852k(534804k free), swap 18717932k(5732k free)

vm_info: Java HotSpot(TM) 64-Bit Server VM (25.60-b23) for windows-amd64 JRE (1.8.0_60-b27), built on Aug  4 2015 11:06:27 by "java_re" with MS VC++ 10.0 (VS2010)

time: Mon Feb 20 11:02:42 2017
elapsed time: 0 seconds (0d 0h 0m 0s)

